[0.364s] Invoking command in '/home/leftback/ros2_ws/src/mypkg': PYTHONPATH=/home/leftback/ros2_ws/src/mypkg/build/mypkg/prefix_override:/usr/lib/python3/dist-packages/colcon_core/task/python/colcon_distutils_commands:/home/leftback/ros2_ws/src/mypkg/install/mypkg/lib/python3.8/site-packages:${PYTHONPATH} /usr/bin/python3 -W ignore:setup.py install is deprecated -W ignore:easy_install command is deprecated setup.py egg_info --egg-base build/mypkg build --build-base /home/leftback/ros2_ws/src/mypkg/build/mypkg/build install --record /home/leftback/ros2_ws/src/mypkg/build/mypkg/install.log --install-scripts $base/lib/mypkg --single-version-externally-managed install_data
[0.465s] running egg_info
[0.466s] creating build/mypkg/mypkg.egg-info
[0.466s] writing build/mypkg/mypkg.egg-info/PKG-INFO
[0.466s] writing dependency_links to build/mypkg/mypkg.egg-info/dependency_links.txt
[0.466s] writing entry points to build/mypkg/mypkg.egg-info/entry_points.txt
[0.466s] writing requirements to build/mypkg/mypkg.egg-info/requires.txt
[0.466s] writing top-level names to build/mypkg/mypkg.egg-info/top_level.txt
[0.467s] writing manifest file 'build/mypkg/mypkg.egg-info/SOURCES.txt'
[0.484s] reading manifest file 'build/mypkg/mypkg.egg-info/SOURCES.txt'
[0.485s] writing manifest file 'build/mypkg/mypkg.egg-info/SOURCES.txt'
[0.485s] running build
[0.485s] running build_py
[0.485s] creating /home/leftback/ros2_ws/src/mypkg/build/mypkg/build
[0.485s] creating /home/leftback/ros2_ws/src/mypkg/build/mypkg/build/lib
[0.485s] creating /home/leftback/ros2_ws/src/mypkg/build/mypkg/build/lib/mypkg
[0.485s] copying mypkg/__init__.py -> /home/leftback/ros2_ws/src/mypkg/build/mypkg/build/lib/mypkg
[0.485s] copying mypkg/mem_usage.py -> /home/leftback/ros2_ws/src/mypkg/build/mypkg/build/lib/mypkg
[0.495s] copying mypkg/test_sub.py -> /home/leftback/ros2_ws/src/mypkg/build/mypkg/build/lib/mypkg
[0.496s] running install
[0.496s] running install_lib
[0.497s] creating /home/leftback/ros2_ws/src/mypkg/install/mypkg/lib/python3.8/site-packages/mypkg
[0.497s] copying /home/leftback/ros2_ws/src/mypkg/build/mypkg/build/lib/mypkg/__init__.py -> /home/leftback/ros2_ws/src/mypkg/install/mypkg/lib/python3.8/site-packages/mypkg
[0.497s] copying /home/leftback/ros2_ws/src/mypkg/build/mypkg/build/lib/mypkg/mem_usage.py -> /home/leftback/ros2_ws/src/mypkg/install/mypkg/lib/python3.8/site-packages/mypkg
[0.497s] copying /home/leftback/ros2_ws/src/mypkg/build/mypkg/build/lib/mypkg/test_sub.py -> /home/leftback/ros2_ws/src/mypkg/install/mypkg/lib/python3.8/site-packages/mypkg
[0.497s] byte-compiling /home/leftback/ros2_ws/src/mypkg/install/mypkg/lib/python3.8/site-packages/mypkg/__init__.py to __init__.cpython-38.pyc
[0.498s] byte-compiling /home/leftback/ros2_ws/src/mypkg/install/mypkg/lib/python3.8/site-packages/mypkg/mem_usage.py to mem_usage.cpython-38.pyc
[0.498s] byte-compiling /home/leftback/ros2_ws/src/mypkg/install/mypkg/lib/python3.8/site-packages/mypkg/test_sub.py to test_sub.cpython-38.pyc
[0.498s] running install_data
[0.498s] creating /home/leftback/ros2_ws/src/mypkg/install/mypkg/share/ament_index
[0.498s] creating /home/leftback/ros2_ws/src/mypkg/install/mypkg/share/ament_index/resource_index
[0.499s] creating /home/leftback/ros2_ws/src/mypkg/install/mypkg/share/ament_index/resource_index/packages
[0.499s] copying resource/mypkg -> /home/leftback/ros2_ws/src/mypkg/install/mypkg/share/ament_index/resource_index/packages
[0.499s] copying package.xml -> /home/leftback/ros2_ws/src/mypkg/install/mypkg/share/mypkg
[0.499s] running install_egg_info
[0.500s] Copying build/mypkg/mypkg.egg-info to /home/leftback/ros2_ws/src/mypkg/install/mypkg/lib/python3.8/site-packages/mypkg-0.0.0-py3.8.egg-info
[0.500s] running install_scripts
[0.510s] Installing mem_usage_publisher script to /home/leftback/ros2_ws/src/mypkg/install/mypkg/lib/mypkg
[0.511s] Installing test_sub script to /home/leftback/ros2_ws/src/mypkg/install/mypkg/lib/mypkg
[0.511s] writing list of installed files to '/home/leftback/ros2_ws/src/mypkg/build/mypkg/install.log'
[0.524s] Invoked command in '/home/leftback/ros2_ws/src/mypkg' returned '0': PYTHONPATH=/home/leftback/ros2_ws/src/mypkg/build/mypkg/prefix_override:/usr/lib/python3/dist-packages/colcon_core/task/python/colcon_distutils_commands:/home/leftback/ros2_ws/src/mypkg/install/mypkg/lib/python3.8/site-packages:${PYTHONPATH} /usr/bin/python3 -W ignore:setup.py install is deprecated -W ignore:easy_install command is deprecated setup.py egg_info --egg-base build/mypkg build --build-base /home/leftback/ros2_ws/src/mypkg/build/mypkg/build install --record /home/leftback/ros2_ws/src/mypkg/build/mypkg/install.log --install-scripts $base/lib/mypkg --single-version-externally-managed install_data
